#
# A fatal error has been detected by the Java Runtime Environment:
#
#  Internal Error (javaClasses.cpp:126), pid=5708, tid=3612
#  fatal error: Invalid layout of preloaded class
#
# JRE version:  (8.0_31-b13) (build )
# Java VM: Java HotSpot(TM) Client VM (25.31-b07 mixed mode windows-x86 )
# Failed to write core dump. Minidumps are not enabled by default on client versions of Windows
#
# If you would like to submit a bug report, please visit:
#   http://bugreport.java.com/bugreport/crash.jsp
#

---------------  T H R E A D  ---------------

Current thread (0x022fc400):  JavaThread "Unknown thread" [_thread_in_vm, id=3612, stack(0x02210000,0x02260000)]

Stack: [0x02210000,0x02260000],  sp=0x0225f3ac,  free space=316k
Native frames: (J=compiled Java code, j=interpreted, Vv=VM code, C=native code)
V  [jvm.dll+0x197b8b]
V  [jvm.dll+0x1909e6]
V  [jvm.dll+0x3b409]
V  [jvm.dll+0x3b5be]
V  [jvm.dll+0x49f63]
V  [jvm.dll+0x9dd9e]
V  [jvm.dll+0x9e062]
V  [jvm.dll+0x145c31]
V  [jvm.dll+0x169cb8]
V  [jvm.dll+0xdb171]
C  [javaw.exe+0x13e4]
C  [javaw.exe+0x1eb7]
C  [javaw.exe+0xaba1]
C  [javaw.exe+0xac2b]
C  [kernel32.dll+0x1338a]
C  [ntdll.dll+0x39f72]
C  [ntdll.dll+0x39f45]
C  0x00000000


---------------  P R O C E S S  ---------------

Java Threads: ( => current thread )

Other Threads:

=>0x022fc400 (exited) JavaThread "Unknown thread" [_thread_in_vm, id=3612, stack(0x02210000,0x02260000)]

VM state:not at safepoint (not fully initialized)

VM Mutex/Monitor currently owned by a thread: None

GC Heap History (0 events):
No events

Deoptimization events (0 events):
No events

Internal exceptions (0 events):
No events

Events (10 events):
Event: 0.043 loading class java/lang/Object
Event: 0.043 loading class java/lang/Object done
Event: 0.043 loading class java/lang/String
Event: 0.043 loading class java/lang/CharSequence
Event: 0.044 loading class java/lang/CharSequence done
Event: 0.044 loading class java/lang/Comparable
Event: 0.044 loading class java/lang/Comparable done
Event: 0.044 loading class java/lang/String done
Event: 0.044 loading class java/lang/Class
Event: 0.044 loading class java/lang/Class done


Dynamic libraries:
0x00810000 - 0x00840000 	C:\Program Files (x86)\Java\jre1.8.0_31\bin\javaw.exe
0x77a40000 - 0x77bc0000 	C:\Windows\SysWOW64\ntdll.dll
0x772e0000 - 0x773f0000 	C:\Windows\syswow64\kernel32.dll
0x758c0000 - 0x75907000 	C:\Windows\syswow64\KERNELBASE.dll
0x75e60000 - 0x75f00000 	C:\Windows\syswow64\ADVAPI32.dll
0x75430000 - 0x754dc000 	C:\Windows\syswow64\msvcrt.dll
0x77290000 - 0x772a9000 	C:\Windows\SysWOW64\sechost.dll
0x76f50000 - 0x77040000 	C:\Windows\syswow64\RPCRT4.dll
0x753d0000 - 0x75430000 	C:\Windows\syswow64\SspiCli.dll
0x753c0000 - 0x753cc000 	C:\Windows\syswow64\CRYPTBASE.dll
0x77040000 - 0x77140000 	C:\Windows\syswow64\USER32.dll
0x77480000 - 0x77510000 	C:\Windows\syswow64\GDI32.dll
0x77a10000 - 0x77a1a000 	C:\Windows\syswow64\LPK.dll
0x756f0000 - 0x7578d000 	C:\Windows\syswow64\USP10.dll
0x737a0000 - 0x7393e000 	C:\Windows\WinSxS\x86_microsoft.windows.common-controls_6595b64144ccf1df_6.0.7601.17514_none_41e6975e2bd6f2b2\COMCTL32.dll
0x775e0000 - 0x77637000 	C:\Windows\syswow64\SHLWAPI.dll
0x754e0000 - 0x75540000 	C:\Windows\system32\IMM32.DLL
0x77510000 - 0x775dc000 	C:\Windows\syswow64\MSCTF.dll
0x5b160000 - 0x5b21f000 	C:\Program Files (x86)\Java\jre1.8.0_31\bin\msvcr100.dll
0x5c2a0000 - 0x5c644000 	C:\Program Files (x86)\Java\jre1.8.0_31\bin\client\jvm.dll
0x71880000 - 0x71887000 	C:\Windows\system32\WSOCK32.dll
0x76bb0000 - 0x76be5000 	C:\Windows\syswow64\WS2_32.dll
0x75580000 - 0x75586000 	C:\Windows\syswow64\NSI.dll
0x6fac0000 - 0x6faf2000 	C:\Windows\system32\WINMM.dll
0x76d70000 - 0x76d75000 	C:\Windows\syswow64\PSAPI.DLL
0x5d0c0000 - 0x5d0cc000 	C:\Program Files (x86)\Java\jre1.8.0_31\bin\verify.dll
0x5d090000 - 0x5d0b1000 	C:\Program Files (x86)\Java\jre1.8.0_31\bin\java.dll
0x5d070000 - 0x5d083000 	C:\Program Files (x86)\Java\jre1.8.0_31\bin\zip.dll
0x73d30000 - 0x73e1b000 	C:\Windows\system32\dbghelp.dll

VM Arguments:
jvm_args: -Dfile.encoding=Cp1252 -Xbootclasspath:C:\Program Files (x86)\leJOS NXJ\lib\nxt\classes.jar 
java_command: util.test
java_class_path (initial): C:\Users\Auguste\WorkSpace\DPM\DPM-Final-Project\FinalProject\bin
Launcher Type: SUN_STANDARD

Environment Variables:
PATH=C:/Program Files (x86)/Java/jre1.8.0_31/bin/client;C:/Program Files (x86)/Java/jre1.8.0_31/bin;C:/Program Files (x86)/Java/jre1.8.0_31/lib/i386;C:\Program Files (x86)\Microchip\MPLAB C30\bin;C:\Program Files (x86)\AMD APP\bin\x86_64;C:\Program Files (x86)\AMD APP\bin\x86;C:\ProgramData\Oracle\Java\javapath;C:\Windows\system32;C:\Windows;C:\Windows\System32\Wbem;C:\Windows\System32\WindowsPowerShell\v1.0\;C:\Program Files\WIDCOMM\Bluetooth Software\;C:\Program Files\WIDCOMM\Bluetooth Software\syswow64;c:\Program Files (x86)\ATI Technologies\ATI.ACE\Core-Static;C:\Program Files\Intel\WiFi\bin\;C:\Program Files\Common Files\Intel\WirelessCommon\;C:\Program Files (x86)\Sony\VAIO Startup Setting Tool;C:\Program Files (x86)\PharosSystems\Core;C:\Program Files (x86)\LogicWorks5;C:\Users\Auguste\Downloads;C:\Program Files (x86)\Eclipse;C:\Program Files (x86)\IVI Foundation\VISA\WinNT\Bin;C:\Program Files (x86)\leJOS NXJ\bin;C:\Program Files (x86)\Git\cmd;C:\Program Files (x86)\Git\bin;C:\Program Files (x86)\Skype\Phone\;C:\Program Files (x86)\Eclipse;
USERNAME=Auguste
OS=Windows_NT
PROCESSOR_IDENTIFIER=Intel64 Family 6 Model 42 Stepping 7, GenuineIntel



---------------  S Y S T E M  ---------------

OS: Windows 7 , 64 bit Build 7601 Service Pack 1

CPU:total 4 (2 cores per cpu, 2 threads per core) family 6 model 42 stepping 7, cmov, cx8, fxsr, mmx, sse, sse2, sse3, ssse3, sse4.1, sse4.2, popcnt, avx, aes, clmul, ht, tsc, tscinvbit

Memory: 4k page, physical 8302448k(5767404k free), swap 16603040k(13694348k free)

vm_info: Java HotSpot(TM) Client VM (25.31-b07) for windows-x86 JRE (1.8.0_31-b13), built on Dec 17 2014 20:46:12 by "java_re" with MS VC++ 10.0 (VS2010)

time: Sat Mar 21 13:44:23 2015
elapsed time: 0 seconds (0d 0h 0m 0s)

